This is pdfTeX, Version 3.14159265-2.6-1.40.15 (TeX Live 2015/dev/Debian) (preloaded format=pdflatex 2018.4.15)  15 NOV 2019 05:27
entering extended mode
 restricted \write18 enabled.
 %&-line parsing enabled.
**tesis_maestria.tex
(./tesis_maestria.tex
LaTeX2e <2014/05/01>
Babel <3.9l> and hyphenation patterns for 2 languages loaded.
(/usr/share/texlive/texmf-dist/tex/latex/base/report.cls
Document Class: report 2014/09/29 v1.4h Standard LaTeX document class
(/usr/share/texlive/texmf-dist/tex/latex/base/size12.clo
File: size12.clo 2014/09/29 v1.4h Standard LaTeX file (size option)
)
\c@part=\count79
\c@chapter=\count80
\c@section=\count81
\c@subsection=\count82
\c@subsubsection=\count83
\c@paragraph=\count84
\c@subparagraph=\count85
\c@figure=\count86
\c@table=\count87
\abovecaptionskip=\skip41
\belowcaptionskip=\skip42
\bibindent=\dimen102
)
(/usr/share/texlive/texmf-dist/tex/latex/amsmath/amsmath.sty
Package: amsmath 2013/01/14 v2.14 AMS math features
\@mathmargin=\skip43

For additional information on amsmath, use the `?' option.
(/usr/share/texlive/texmf-dist/tex/latex/amsmath/amstext.sty
Package: amstext 2000/06/29 v2.01

(/usr/share/texlive/texmf-dist/tex/latex/amsmath/amsgen.sty
File: amsgen.sty 1999/11/30 v2.0
\@emptytoks=\toks14
\ex@=\dimen103
))
(/usr/share/texlive/texmf-dist/tex/latex/amsmath/amsbsy.sty
Package: amsbsy 1999/11/29 v1.2d
\pmbraise@=\dimen104
)
(/usr/share/texlive/texmf-dist/tex/latex/amsmath/amsopn.sty
Package: amsopn 1999/12/14 v2.01 operator names
)
\inf@bad=\count88
LaTeX Info: Redefining \frac on input line 210.
\uproot@=\count89
\leftroot@=\count90
LaTeX Info: Redefining \overline on input line 306.
\classnum@=\count91
\DOTSCASE@=\count92
LaTeX Info: Redefining \ldots on input line 378.
LaTeX Info: Redefining \dots on input line 381.
LaTeX Info: Redefining \cdots on input line 466.
\Mathstrutbox@=\box26
\strutbox@=\box27
\big@size=\dimen105
LaTeX Font Info:    Redeclaring font encoding OML on input line 566.
LaTeX Font Info:    Redeclaring font encoding OMS on input line 567.
\macc@depth=\count93
\c@MaxMatrixCols=\count94
\dotsspace@=\muskip10
\c@parentequation=\count95
\dspbrk@lvl=\count96
\tag@help=\toks15
\row@=\count97
\column@=\count98
\maxfields@=\count99
\andhelp@=\toks16
\eqnshift@=\dimen106
\alignsep@=\dimen107
\tagshift@=\dimen108
\tagwidth@=\dimen109
\totwidth@=\dimen110
\lineht@=\dimen111
\@envbody=\toks17
\multlinegap=\skip44
\multlinetaggap=\skip45
\mathdisplay@stack=\toks18
LaTeX Info: Redefining \[ on input line 2665.
LaTeX Info: Redefining \] on input line 2666.
)
(/usr/share/texlive/texmf-dist/tex/latex/amsfonts/amsfonts.sty
Package: amsfonts 2013/01/14 v3.01 Basic AMSFonts support
\symAMSa=\mathgroup4
\symAMSb=\mathgroup5
LaTeX Font Info:    Overwriting math alphabet `\mathfrak' in version `bold'
(Font)                  U/euf/m/n --> U/euf/b/n on input line 106.
)
(/usr/share/texlive/texmf-dist/tex/latex/amsfonts/amssymb.sty
Package: amssymb 2013/01/14 v3.01 AMS font symbols
)
(/usr/share/texlive/texmf-dist/tex/latex/amscls/amsthm.sty
Package: amsthm 2009/07/02 v2.20.1
\thm@style=\toks19
\thm@bodyfont=\toks20
\thm@headfont=\toks21
\thm@notefont=\toks22
\thm@headpunct=\toks23
\thm@preskip=\skip46
\thm@postskip=\skip47
\thm@headsep=\skip48
\dth@everypar=\toks24
)
(/usr/share/texlive/texmf-dist/tex/latex/base/inputenc.sty
Package: inputenc 2014/04/30 v1.2b Input encoding file
\inpenc@prehook=\toks25
\inpenc@posthook=\toks26

(/usr/share/texlive/texmf-dist/tex/latex/base/utf8.def
File: utf8.def 2014/09/29 v1.1m UTF-8 support for inputenc
Now handling font encoding OML ...
... no UTF-8 mapping file for font encoding OML
Now handling font encoding T1 ...
... processing UTF-8 mapping file for font encoding T1

(/usr/share/texlive/texmf-dist/tex/latex/base/t1enc.dfu
File: t1enc.dfu 2014/09/29 v1.1m UTF-8 support for inputenc
   defining Unicode char U+00A1 (decimal 161)
   defining Unicode char U+00A3 (decimal 163)
   defining Unicode char U+00AB (decimal 171)
   defining Unicode char U+00BB (decimal 187)
   defining Unicode char U+00BF (decimal 191)
   defining Unicode char U+00C0 (decimal 192)
   defining Unicode char U+00C1 (decimal 193)
   defining Unicode char U+00C2 (decimal 194)
   defining Unicode char U+00C3 (decimal 195)
   defining Unicode char U+00C4 (decimal 196)
   defining Unicode char U+00C5 (decimal 197)
   defining Unicode char U+00C6 (decimal 198)
   defining Unicode char U+00C7 (decimal 199)
   defining Unicode char U+00C8 (decimal 200)
   defining Unicode char U+00C9 (decimal 201)
   defining Unicode char U+00CA (decimal 202)
   defining Unicode char U+00CB (decimal 203)
   defining Unicode char U+00CC (decimal 204)
   defining Unicode char U+00CD (decimal 205)
   defining Unicode char U+00CE (decimal 206)
   defining Unicode char U+00CF (decimal 207)
   defining Unicode char U+00D0 (decimal 208)
   defining Unicode char U+00D1 (decimal 209)
   defining Unicode char U+00D2 (decimal 210)
   defining Unicode char U+00D3 (decimal 211)
   defining Unicode char U+00D4 (decimal 212)
   defining Unicode char U+00D5 (decimal 213)
   defining Unicode char U+00D6 (decimal 214)
   defining Unicode char U+00D8 (decimal 216)
   defining Unicode char U+00D9 (decimal 217)
   defining Unicode char U+00DA (decimal 218)
   defining Unicode char U+00DB (decimal 219)
   defining Unicode char U+00DC (decimal 220)
   defining Unicode char U+00DD (decimal 221)
   defining Unicode char U+00DE (decimal 222)
   defining Unicode char U+00DF (decimal 223)
   defining Unicode char U+00E0 (decimal 224)
   defining Unicode char U+00E1 (decimal 225)
   defining Unicode char U+00E2 (decimal 226)
   defining Unicode char U+00E3 (decimal 227)
   defining Unicode char U+00E4 (decimal 228)
   defining Unicode char U+00E5 (decimal 229)
   defining Unicode char U+00E6 (decimal 230)
   defining Unicode char U+00E7 (decimal 231)
   defining Unicode char U+00E8 (decimal 232)
   defining Unicode char U+00E9 (decimal 233)
   defining Unicode char U+00EA (decimal 234)
   defining Unicode char U+00EB (decimal 235)
   defining Unicode char U+00EC (decimal 236)
   defining Unicode char U+00ED (decimal 237)
   defining Unicode char U+00EE (decimal 238)
   defining Unicode char U+00EF (decimal 239)
   defining Unicode char U+00F0 (decimal 240)
   defining Unicode char U+00F1 (decimal 241)
   defining Unicode char U+00F2 (decimal 242)
   defining Unicode char U+00F3 (decimal 243)
   defining Unicode char U+00F4 (decimal 244)
   defining Unicode char U+00F5 (decimal 245)
   defining Unicode char U+00F6 (decimal 246)
   defining Unicode char U+00F8 (decimal 248)
   defining Unicode char U+00F9 (decimal 249)
   defining Unicode char U+00FA (decimal 250)
   defining Unicode char U+00FB (decimal 251)
   defining Unicode char U+00FC (decimal 252)
   defining Unicode char U+00FD (decimal 253)
   defining Unicode char U+00FE (decimal 254)
   defining Unicode char U+00FF (decimal 255)
   defining Unicode char U+0102 (decimal 258)
   defining Unicode char U+0103 (decimal 259)
   defining Unicode char U+0104 (decimal 260)
   defining Unicode char U+0105 (decimal 261)
   defining Unicode char U+0106 (decimal 262)
   defining Unicode char U+0107 (decimal 263)
   defining Unicode char U+010C (decimal 268)
   defining Unicode char U+010D (decimal 269)
   defining Unicode char U+010E (decimal 270)
   defining Unicode char U+010F (decimal 271)
   defining Unicode char U+0110 (decimal 272)
   defining Unicode char U+0111 (decimal 273)
   defining Unicode char U+0118 (decimal 280)
   defining Unicode char U+0119 (decimal 281)
   defining Unicode char U+011A (decimal 282)
   defining Unicode char U+011B (decimal 283)
   defining Unicode char U+011E (decimal 286)
   defining Unicode char U+011F (decimal 287)
   defining Unicode char U+0130 (decimal 304)
   defining Unicode char U+0131 (decimal 305)
   defining Unicode char U+0132 (decimal 306)
   defining Unicode char U+0133 (decimal 307)
   defining Unicode char U+0139 (decimal 313)
   defining Unicode char U+013A (decimal 314)
   defining Unicode char U+013D (decimal 317)
   defining Unicode char U+013E (decimal 318)
   defining Unicode char U+0141 (decimal 321)
   defining Unicode char U+0142 (decimal 322)
   defining Unicode char U+0143 (decimal 323)
   defining Unicode char U+0144 (decimal 324)
   defining Unicode char U+0147 (decimal 327)
   defining Unicode char U+0148 (decimal 328)
   defining Unicode char U+014A (decimal 330)
   defining Unicode char U+014B (decimal 331)
   defining Unicode char U+0150 (decimal 336)
   defining Unicode char U+0151 (decimal 337)
   defining Unicode char U+0152 (decimal 338)
   defining Unicode char U+0153 (decimal 339)
   defining Unicode char U+0154 (decimal 340)
   defining Unicode char U+0155 (decimal 341)
   defining Unicode char U+0158 (decimal 344)
   defining Unicode char U+0159 (decimal 345)
   defining Unicode char U+015A (decimal 346)
   defining Unicode char U+015B (decimal 347)
   defining Unicode char U+015E (decimal 350)
   defining Unicode char U+015F (decimal 351)
   defining Unicode char U+0160 (decimal 352)
   defining Unicode char U+0161 (decimal 353)
   defining Unicode char U+0162 (decimal 354)
   defining Unicode char U+0163 (decimal 355)
   defining Unicode char U+0164 (decimal 356)
   defining Unicode char U+0165 (decimal 357)
   defining Unicode char U+016E (decimal 366)
   defining Unicode char U+016F (decimal 367)
   defining Unicode char U+0170 (decimal 368)
   defining Unicode char U+0171 (decimal 369)
   defining Unicode char U+0178 (decimal 376)
   defining Unicode char U+0179 (decimal 377)
   defining Unicode char U+017A (decimal 378)
   defining Unicode char U+017B (decimal 379)
   defining Unicode char U+017C (decimal 380)
   defining Unicode char U+017D (decimal 381)
   defining Unicode char U+017E (decimal 382)
   defining Unicode char U+200C (decimal 8204)
   defining Unicode char U+2013 (decimal 8211)
   defining Unicode char U+2014 (decimal 8212)
   defining Unicode char U+2018 (decimal 8216)
   defining Unicode char U+2019 (decimal 8217)
   defining Unicode char U+201A (decimal 8218)
   defining Unicode char U+201C (decimal 8220)
   defining Unicode char U+201D (decimal 8221)
   defining Unicode char U+201E (decimal 8222)
   defining Unicode char U+2030 (decimal 8240)
   defining Unicode char U+2031 (decimal 8241)
   defining Unicode char U+2039 (decimal 8249)
   defining Unicode char U+203A (decimal 8250)
   defining Unicode char U+2423 (decimal 9251)
)
Now handling font encoding OT1 ...
... processing UTF-8 mapping file for font encoding OT1

(/usr/share/texlive/texmf-dist/tex/latex/base/ot1enc.dfu
File: ot1enc.dfu 2014/09/29 v1.1m UTF-8 support for inputenc
   defining Unicode char U+00A1 (decimal 161)
   defining Unicode char U+00A3 (decimal 163)
   defining Unicode char U+00B8 (decimal 184)
   defining Unicode char U+00BF (decimal 191)
   defining Unicode char U+00C5 (decimal 197)
   defining Unicode char U+00C6 (decimal 198)
   defining Unicode char U+00D8 (decimal 216)
   defining Unicode char U+00DF (decimal 223)
   defining Unicode char U+00E6 (decimal 230)
   defining Unicode char U+00EC (decimal 236)
   defining Unicode char U+00ED (decimal 237)
   defining Unicode char U+00EE (decimal 238)
   defining Unicode char U+00EF (decimal 239)
   defining Unicode char U+00F8 (decimal 248)
   defining Unicode char U+0131 (decimal 305)
   defining Unicode char U+0141 (decimal 321)
   defining Unicode char U+0142 (decimal 322)
   defining Unicode char U+0152 (decimal 338)
   defining Unicode char U+0153 (decimal 339)
   defining Unicode char U+2013 (decimal 8211)
   defining Unicode char U+2014 (decimal 8212)
   defining Unicode char U+2018 (decimal 8216)
   defining Unicode char U+2019 (decimal 8217)
   defining Unicode char U+201C (decimal 8220)
   defining Unicode char U+201D (decimal 8221)
)
Now handling font encoding OMS ...
... processing UTF-8 mapping file for font encoding OMS

(/usr/share/texlive/texmf-dist/tex/latex/base/omsenc.dfu
File: omsenc.dfu 2014/09/29 v1.1m UTF-8 support for inputenc
   defining Unicode char U+00A7 (decimal 167)
   defining Unicode char U+00B6 (decimal 182)
   defining Unicode char U+00B7 (decimal 183)
   defining Unicode char U+2020 (decimal 8224)
   defining Unicode char U+2021 (decimal 8225)
   defining Unicode char U+2022 (decimal 8226)
)
Now handling font encoding OMX ...
... no UTF-8 mapping file for font encoding OMX
Now handling font encoding U ...
... no UTF-8 mapping file for font encoding U
   defining Unicode char U+00A9 (decimal 169)
   defining Unicode char U+00AA (decimal 170)
   defining Unicode char U+00AE (decimal 174)
   defining Unicode char U+00BA (decimal 186)
   defining Unicode char U+02C6 (decimal 710)
   defining Unicode char U+02DC (decimal 732)
   defining Unicode char U+200C (decimal 8204)
   defining Unicode char U+2026 (decimal 8230)
   defining Unicode char U+2122 (decimal 8482)
   defining Unicode char U+2423 (decimal 9251)
))
(./macros/enumitem.sty

LaTeX Warning: You have requested package `macros/enumitem',
               but the package provides `enumitem'.

Package: enumitem 2019/06/20 v3.9 Customized lists
\enitkv@toks@=\toks27
\labelindent=\skip49
\enit@outerparindent=\dimen112
\enit@toks=\toks28
\enit@inbox=\box28
\enit@count@id=\count100
\enitdp@description=\count101
) (./macros/import.sty

LaTeX Warning: You have requested package `macros/import',
               but the package provides `import'.

Package: import 2009/03/23  v 5.1
) (./macros/subfiles.sty

LaTeX Warning: You have requested package `macros/subfiles',
               but the package provides `subfiles'.

Package: subfiles 2012/05/23 Federico Garcia
(/usr/share/texlive/texmf-dist/tex/latex/tools/verbatim.sty
Package: verbatim 2014/10/28 v1.5q LaTeX2e package for verbatim enhancements
\every@verbatim=\toks29
\verbatim@line=\toks30
\verbatim@in@stream=\read1
))
(./macros/verbatim.sty

LaTeX Warning: You have requested package `macros/verbatim',
               but the package provides `verbatim'.

Package: verbatim 2014/10/28 v1.5q LaTeX2e package for verbatim enhancements
) (./macros/cancel.sty

LaTeX Warning: You have requested package `macros/cancel',
               but the package provides `cancel'.

Package: cancel 2013/04/12 v2.2 Cancel math terms
) (./macros/cite.sty
LaTeX Info: Redefining \cite on input line 302.
LaTeX Info: Redefining \nocite on input line 332.


LaTeX Warning: You have requested package `macros/cite',
               but the package provides `cite'.

Package: cite 2015/02/27  v 5.5
) (./macros/euscript.sty

LaTeX Warning: You have requested package `macros/euscript',
               but the package provides `euscript'.

Package: euscript 2009/06/22 v3.00 Euler Script fonts
LaTeX Font Info:    Overwriting math alphabet `\EuScript' in version `bold'
(Font)                  U/eus/m/n --> U/eus/b/n on input line 33.
) (./macros/chngcntr.sty

LaTeX Warning: You have requested package `macros/chngcntr',
               but the package provides `chngcntr'.

Package: chngcntr 2018/04/09 v1.1a change counter resetting
) (./macros/template_spanish.sty

LaTeX Warning: You have requested package `macros/template_spanish',
               but the package provides `template_spanish'.

Package: template_spanish 
\c@thm=\count102
) (./macros/tesis_maestria.sty

LaTeX Warning: You have requested package `macros/tesis_maestria',
               but the package provides `algebra'.

Package: algebra 
) (./macros/math_letters.sty

LaTeX Warning: You have requested package `macros/math_letters',
               but the package provides `math_letters'.

Package: math_letters 
) (./macros/footmisc.sty

LaTeX Warning: You have requested package `macros/footmisc',
               but the package provides `footmisc'.

Package: footmisc 2011/06/06 v5.5b a miscellany of footnote facilities
\FN@temptoken=\toks31
\footnotemargin=\dimen113
\c@pp@next@reset=\count103
Package footmisc Info: Declaring symbol style bringhurst on input line 855.
Package footmisc Info: Declaring symbol style chicago on input line 863.
Package footmisc Info: Declaring symbol style wiley on input line 872.
Package footmisc Info: Declaring symbol style lamport-robust on input line 883.

Package footmisc Info: Declaring symbol style lamport* on input line 903.
Package footmisc Info: Declaring symbol style lamport*-robust on input line 924
.
) (/home/pi/texmf/tex/latex/tikz-cd.sty
Package: tikz-cd 2014/10/30 v0.9e Commutative diagrams with tikz

(/usr/share/texlive/texmf-dist/tex/latex/pgf/frontendlayer/tikz.sty
(/usr/share/texlive/texmf-dist/tex/latex/pgf/basiclayer/pgf.sty
(/usr/share/texlive/texmf-dist/tex/latex/pgf/utilities/pgfrcs.sty
(/usr/share/texlive/texmf-dist/tex/generic/pgf/utilities/pgfutil-common.tex
\pgfutil@everybye=\toks32
\pgfutil@tempdima=\dimen114
\pgfutil@tempdimb=\dimen115

(/usr/share/texlive/texmf-dist/tex/generic/pgf/utilities/pgfutil-common-lists.t
ex)) (/usr/share/texlive/texmf-dist/tex/generic/pgf/utilities/pgfutil-latex.def
\pgfutil@abb=\box29
(/usr/share/texlive/texmf-dist/tex/latex/ms/everyshi.sty
Package: everyshi 2001/05/15 v3.00 EveryShipout Package (MS)
))
(/usr/share/texlive/texmf-dist/tex/generic/pgf/utilities/pgfrcs.code.tex
Package: pgfrcs 2013/12/20 v3.0.0 (rcs-revision 1.28)
))
Package: pgf 2013/12/18 v3.0.0 (rcs-revision 1.14)

(/usr/share/texlive/texmf-dist/tex/latex/pgf/basiclayer/pgfcore.sty
(/usr/share/texlive/texmf-dist/tex/latex/graphics/graphicx.sty
Package: graphicx 2014/04/25 v1.0g Enhanced LaTeX Graphics (DPC,SPQR)

(/usr/share/texlive/texmf-dist/tex/latex/graphics/keyval.sty
Package: keyval 2014/05/08 v1.15 key=value parser (DPC)
\KV@toks@=\toks33
)
(/usr/share/texlive/texmf-dist/tex/latex/graphics/graphics.sty
Package: graphics 2009/02/05 v1.0o Standard LaTeX Graphics (DPC,SPQR)

(/usr/share/texlive/texmf-dist/tex/latex/graphics/trig.sty
Package: trig 1999/03/16 v1.09 sin cos tan (DPC)
)
(/usr/share/texlive/texmf-dist/tex/latex/latexconfig/graphics.cfg
File: graphics.cfg 2010/04/23 v1.9 graphics configuration of TeX Live
)
Package graphics Info: Driver file: pdftex.def on input line 91.

(/usr/share/texlive/texmf-dist/tex/latex/pdftex-def/pdftex.def
File: pdftex.def 2011/05/27 v0.06d Graphics/color for pdfTeX

(/usr/share/texlive/texmf-dist/tex/generic/oberdiek/infwarerr.sty
Package: infwarerr 2010/04/08 v1.3 Providing info/warning/error messages (HO)
)
(/usr/share/texlive/texmf-dist/tex/generic/oberdiek/ltxcmds.sty
Package: ltxcmds 2011/11/09 v1.22 LaTeX kernel commands for general use (HO)
)
\Gread@gobject=\count104
))
\Gin@req@height=\dimen116
\Gin@req@width=\dimen117
)
(/usr/share/texlive/texmf-dist/tex/latex/pgf/systemlayer/pgfsys.sty
(/usr/share/texlive/texmf-dist/tex/generic/pgf/systemlayer/pgfsys.code.tex
Package: pgfsys 2013/11/30 v3.0.0 (rcs-revision 1.47)

(/usr/share/texlive/texmf-dist/tex/generic/pgf/utilities/pgfkeys.code.tex
\pgfkeys@pathtoks=\toks34
\pgfkeys@temptoks=\toks35

(/usr/share/texlive/texmf-dist/tex/generic/pgf/utilities/pgfkeysfiltered.code.t
ex
\pgfkeys@tmptoks=\toks36
))
\pgf@x=\dimen118
\pgf@y=\dimen119
\pgf@xa=\dimen120
\pgf@ya=\dimen121
\pgf@xb=\dimen122
\pgf@yb=\dimen123
\pgf@xc=\dimen124
\pgf@yc=\dimen125
\w@pgf@writea=\write3
\r@pgf@reada=\read2
\c@pgf@counta=\count105
\c@pgf@countb=\count106
\c@pgf@countc=\count107
\c@pgf@countd=\count108
\t@pgf@toka=\toks37
\t@pgf@tokb=\toks38
\t@pgf@tokc=\toks39
 (/usr/share/texlive/texmf-dist/tex/generic/pgf/systemlayer/pgf.cfg
File: pgf.cfg 2008/05/14  (rcs-revision 1.7)
)
Driver file for pgf: pgfsys-pdftex.def

(/usr/share/texlive/texmf-dist/tex/generic/pgf/systemlayer/pgfsys-pdftex.def
File: pgfsys-pdftex.def 2013/07/18  (rcs-revision 1.33)

(/usr/share/texlive/texmf-dist/tex/generic/pgf/systemlayer/pgfsys-common-pdf.de
f
File: pgfsys-common-pdf.def 2013/10/10  (rcs-revision 1.13)
)))
(/usr/share/texlive/texmf-dist/tex/generic/pgf/systemlayer/pgfsyssoftpath.code.
tex
File: pgfsyssoftpath.code.tex 2013/09/09  (rcs-revision 1.9)
\pgfsyssoftpath@smallbuffer@items=\count109
\pgfsyssoftpath@bigbuffer@items=\count110
)
(/usr/share/texlive/texmf-dist/tex/generic/pgf/systemlayer/pgfsysprotocol.code.
tex
File: pgfsysprotocol.code.tex 2006/10/16  (rcs-revision 1.4)
)) (/usr/share/texlive/texmf-dist/tex/latex/xcolor/xcolor.sty
Package: xcolor 2007/01/21 v2.11 LaTeX color extensions (UK)

(/usr/share/texlive/texmf-dist/tex/latex/latexconfig/color.cfg
File: color.cfg 2007/01/18 v1.5 color configuration of teTeX/TeXLive
)
Package xcolor Info: Driver file: pdftex.def on input line 225.
Package xcolor Info: Model `cmy' substituted by `cmy0' on input line 1337.
Package xcolor Info: Model `hsb' substituted by `rgb' on input line 1341.
Package xcolor Info: Model `RGB' extended on input line 1353.
Package xcolor Info: Model `HTML' substituted by `rgb' on input line 1355.
Package xcolor Info: Model `Hsb' substituted by `hsb' on input line 1356.
Package xcolor Info: Model `tHsb' substituted by `hsb' on input line 1357.
Package xcolor Info: Model `HSB' substituted by `hsb' on input line 1358.
Package xcolor Info: Model `Gray' substituted by `gray' on input line 1359.
Package xcolor Info: Model `wave' substituted by `hsb' on input line 1360.
)
(/usr/share/texlive/texmf-dist/tex/generic/pgf/basiclayer/pgfcore.code.tex
Package: pgfcore 2010/04/11 v3.0.0 (rcs-revision 1.7)

(/usr/share/texlive/texmf-dist/tex/generic/pgf/math/pgfmath.code.tex
(/usr/share/texlive/texmf-dist/tex/generic/pgf/math/pgfmathcalc.code.tex
(/usr/share/texlive/texmf-dist/tex/generic/pgf/math/pgfmathutil.code.tex)
(/usr/share/texlive/texmf-dist/tex/generic/pgf/math/pgfmathparser.code.tex
\pgfmath@dimen=\dimen126
\pgfmath@count=\count111
\pgfmath@box=\box30
\pgfmath@toks=\toks40
\pgfmath@stack@operand=\toks41
\pgfmath@stack@operation=\toks42
)
(/usr/share/texlive/texmf-dist/tex/generic/pgf/math/pgfmathfunctions.code.tex
(/usr/share/texlive/texmf-dist/tex/generic/pgf/math/pgfmathfunctions.basic.code
.tex)
(/usr/share/texlive/texmf-dist/tex/generic/pgf/math/pgfmathfunctions.trigonomet
ric.code.tex)
(/usr/share/texlive/texmf-dist/tex/generic/pgf/math/pgfmathfunctions.random.cod
e.tex)
(/usr/share/texlive/texmf-dist/tex/generic/pgf/math/pgfmathfunctions.comparison
.code.tex)
(/usr/share/texlive/texmf-dist/tex/generic/pgf/math/pgfmathfunctions.base.code.
tex)
(/usr/share/texlive/texmf-dist/tex/generic/pgf/math/pgfmathfunctions.round.code
.tex)
(/usr/share/texlive/texmf-dist/tex/generic/pgf/math/pgfmathfunctions.misc.code.
tex)
(/usr/share/texlive/texmf-dist/tex/generic/pgf/math/pgfmathfunctions.integerari
thmetics.code.tex)))
(/usr/share/texlive/texmf-dist/tex/generic/pgf/math/pgfmathfloat.code.tex
\c@pgfmathroundto@lastzeros=\count112
))
(/usr/share/texlive/texmf-dist/tex/generic/pgf/basiclayer/pgfcorepoints.code.te
x
File: pgfcorepoints.code.tex 2013/10/07  (rcs-revision 1.27)
\pgf@picminx=\dimen127
\pgf@picmaxx=\dimen128
\pgf@picminy=\dimen129
\pgf@picmaxy=\dimen130
\pgf@pathminx=\dimen131
\pgf@pathmaxx=\dimen132
\pgf@pathminy=\dimen133
\pgf@pathmaxy=\dimen134
\pgf@xx=\dimen135
\pgf@xy=\dimen136
\pgf@yx=\dimen137
\pgf@yy=\dimen138
\pgf@zx=\dimen139
\pgf@zy=\dimen140
)
(/usr/share/texlive/texmf-dist/tex/generic/pgf/basiclayer/pgfcorepathconstruct.
code.tex
File: pgfcorepathconstruct.code.tex 2013/10/07  (rcs-revision 1.29)
\pgf@path@lastx=\dimen141
\pgf@path@lasty=\dimen142
)
(/usr/share/texlive/texmf-dist/tex/generic/pgf/basiclayer/pgfcorepathusage.code
.tex
File: pgfcorepathusage.code.tex 2013/12/13  (rcs-revision 1.23)
\pgf@shorten@end@additional=\dimen143
\pgf@shorten@start@additional=\dimen144
)
(/usr/share/texlive/texmf-dist/tex/generic/pgf/basiclayer/pgfcorescopes.code.te
x
File: pgfcorescopes.code.tex 2013/10/09  (rcs-revision 1.44)
\pgfpic=\box31
\pgf@hbox=\box32
\pgf@layerbox@main=\box33
\pgf@picture@serial@count=\count113
)
(/usr/share/texlive/texmf-dist/tex/generic/pgf/basiclayer/pgfcoregraphicstate.c
ode.tex
File: pgfcoregraphicstate.code.tex 2013/09/19  (rcs-revision 1.11)
\pgflinewidth=\dimen145
)
(/usr/share/texlive/texmf-dist/tex/generic/pgf/basiclayer/pgfcoretransformation
s.code.tex
File: pgfcoretransformations.code.tex 2013/10/10  (rcs-revision 1.17)
\pgf@pt@x=\dimen146
\pgf@pt@y=\dimen147
\pgf@pt@temp=\dimen148
)
(/usr/share/texlive/texmf-dist/tex/generic/pgf/basiclayer/pgfcorequick.code.tex
File: pgfcorequick.code.tex 2008/10/09  (rcs-revision 1.3)
)
(/usr/share/texlive/texmf-dist/tex/generic/pgf/basiclayer/pgfcoreobjects.code.t
ex
File: pgfcoreobjects.code.tex 2006/10/11  (rcs-revision 1.2)
)
(/usr/share/texlive/texmf-dist/tex/generic/pgf/basiclayer/pgfcorepathprocessing
.code.tex
File: pgfcorepathprocessing.code.tex 2013/09/09  (rcs-revision 1.9)
)
(/usr/share/texlive/texmf-dist/tex/generic/pgf/basiclayer/pgfcorearrows.code.te
x
File: pgfcorearrows.code.tex 2013/11/07  (rcs-revision 1.40)
\pgfarrowsep=\dimen149
)
(/usr/share/texlive/texmf-dist/tex/generic/pgf/basiclayer/pgfcoreshade.code.tex
File: pgfcoreshade.code.tex 2013/07/15  (rcs-revision 1.15)
\pgf@max=\dimen150
\pgf@sys@shading@range@num=\count114
)
(/usr/share/texlive/texmf-dist/tex/generic/pgf/basiclayer/pgfcoreimage.code.tex
File: pgfcoreimage.code.tex 2013/07/15  (rcs-revision 1.18)

(/usr/share/texlive/texmf-dist/tex/generic/pgf/basiclayer/pgfcoreexternal.code.
tex
File: pgfcoreexternal.code.tex 2013/07/15  (rcs-revision 1.20)
\pgfexternal@startupbox=\box34
))
(/usr/share/texlive/texmf-dist/tex/generic/pgf/basiclayer/pgfcorelayers.code.te
x
File: pgfcorelayers.code.tex 2013/07/18  (rcs-revision 1.7)
)
(/usr/share/texlive/texmf-dist/tex/generic/pgf/basiclayer/pgfcoretransparency.c
ode.tex
File: pgfcoretransparency.code.tex 2013/09/30  (rcs-revision 1.5)
)
(/usr/share/texlive/texmf-dist/tex/generic/pgf/basiclayer/pgfcorepatterns.code.
tex
File: pgfcorepatterns.code.tex 2013/11/07  (rcs-revision 1.5)
)))
(/usr/share/texlive/texmf-dist/tex/generic/pgf/modules/pgfmoduleshapes.code.tex
File: pgfmoduleshapes.code.tex 2013/10/31  (rcs-revision 1.34)
\pgfnodeparttextbox=\box35
) (/usr/share/texlive/texmf-dist/tex/generic/pgf/modules/pgfmoduleplot.code.tex
File: pgfmoduleplot.code.tex 2013/07/31  (rcs-revision 1.12)
)
(/usr/share/texlive/texmf-dist/tex/latex/pgf/compatibility/pgfcomp-version-0-65
.sty
Package: pgfcomp-version-0-65 2007/07/03 v3.0.0 (rcs-revision 1.7)
\pgf@nodesepstart=\dimen151
\pgf@nodesepend=\dimen152
)
(/usr/share/texlive/texmf-dist/tex/latex/pgf/compatibility/pgfcomp-version-1-18
.sty
Package: pgfcomp-version-1-18 2007/07/23 v3.0.0 (rcs-revision 1.1)
)) (/usr/share/texlive/texmf-dist/tex/latex/pgf/utilities/pgffor.sty
(/usr/share/texlive/texmf-dist/tex/latex/pgf/utilities/pgfkeys.sty
(/usr/share/texlive/texmf-dist/tex/generic/pgf/utilities/pgfkeys.code.tex))
(/usr/share/texlive/texmf-dist/tex/latex/pgf/math/pgfmath.sty
(/usr/share/texlive/texmf-dist/tex/generic/pgf/math/pgfmath.code.tex))
(/usr/share/texlive/texmf-dist/tex/generic/pgf/utilities/pgffor.code.tex
Package: pgffor 2013/12/13 v3.0.0 (rcs-revision 1.25)

(/usr/share/texlive/texmf-dist/tex/generic/pgf/math/pgfmath.code.tex)
\pgffor@iter=\dimen153
\pgffor@skip=\dimen154
\pgffor@stack=\toks43
\pgffor@toks=\toks44
))
(/usr/share/texlive/texmf-dist/tex/generic/pgf/frontendlayer/tikz/tikz.code.tex
Package: tikz 2013/12/13 v3.0.0 (rcs-revision 1.142)

(/usr/share/texlive/texmf-dist/tex/generic/pgf/libraries/pgflibraryplothandlers
.code.tex
File: pgflibraryplothandlers.code.tex 2013/08/31 v3.0.0 (rcs-revision 1.20)
\pgf@plot@mark@count=\count115
\pgfplotmarksize=\dimen155
)
\tikz@lastx=\dimen156
\tikz@lasty=\dimen157
\tikz@lastxsaved=\dimen158
\tikz@lastysaved=\dimen159
\tikzleveldistance=\dimen160
\tikzsiblingdistance=\dimen161
\tikz@figbox=\box36
\tikz@figbox@bg=\box37
\tikz@tempbox=\box38
\tikz@tempbox@bg=\box39
\tikztreelevel=\count116
\tikznumberofchildren=\count117
\tikznumberofcurrentchild=\count118
\tikz@fig@count=\count119

(/usr/share/texlive/texmf-dist/tex/generic/pgf/modules/pgfmodulematrix.code.tex
File: pgfmodulematrix.code.tex 2013/09/17  (rcs-revision 1.8)
\pgfmatrixcurrentrow=\count120
\pgfmatrixcurrentcolumn=\count121
\pgf@matrix@numberofcolumns=\count122
)
\tikz@expandcount=\count123

(/usr/share/texlive/texmf-dist/tex/generic/pgf/frontendlayer/tikz/libraries/tik
zlibrarytopaths.code.tex
File: tikzlibrarytopaths.code.tex 2008/06/17 v3.0.0 (rcs-revision 1.2)
)))
(/usr/share/texlive/texmf-dist/tex/generic/tikz-cd/tikzlibrarycd.code.tex
(/usr/share/texlive/texmf-dist/tex/generic/pgf/frontendlayer/tikz/libraries/tik
zlibrarymatrix.code.tex
File: tikzlibrarymatrix.code.tex 2013/07/12 v3.0.0 (rcs-revision 1.4)
)
(/usr/share/texlive/texmf-dist/tex/generic/pgf/frontendlayer/tikz/libraries/tik
zlibraryquotes.code.tex
File: tikzlibraryquotes.code.tex 2013/08/28 v3.0.0 (rcs-revision 1.3)
)
(/usr/share/texlive/texmf-dist/tex/generic/pgf/libraries/pgflibraryarrows.meta.
code.tex
File: pgflibraryarrows.meta.code.tex 2013/12/13 v3.0.0 (rcs-revision 1.12)
\pgfarrowinset=\dimen162
\pgfarrowlength=\dimen163
\pgfarrowwidth=\dimen164
\pgfarrowlinewidth=\dimen165
)))
(/usr/share/texlive/texmf-dist/tex/generic/pgf/frontendlayer/tikz/libraries/tik
zlibrarypositioning.code.tex
File: tikzlibrarypositioning.code.tex 2008/10/06 v3.0.0 (rcs-revision 1.7)
)
(/usr/share/texlive/texmf-dist/tex/generic/pgf/frontendlayer/tikz/libraries/gra
phs/tikzlibrarygraphs.code.tex
File: tikzlibrarygraphs.code.tex 2013/10/10 v3.0.0 (rcs-revision 1.43)
\tikz@qnode@count=\count124
)
(/usr/share/texlive/texmf-dist/tex/generic/pgf/frontendlayer/tikz/libraries/tik
zlibraryarrows.code.tex
File: tikzlibraryarrows.code.tex 2008/01/09 v3.0.0 (rcs-revision 1.1)

(/usr/share/texlive/texmf-dist/tex/generic/pgf/libraries/pgflibraryarrows.code.
tex
File: pgflibraryarrows.code.tex 2013/09/23 v3.0.0 (rcs-revision 1.16)
\arrowsize=\dimen166
))
(/usr/share/texlive/texmf-dist/tex/generic/pgf/frontendlayer/tikz/libraries/tik
zlibrarydecorations.markings.code.tex
(/usr/share/texlive/texmf-dist/tex/generic/pgf/frontendlayer/tikz/libraries/tik
zlibrarydecorations.code.tex
(/usr/share/texlive/texmf-dist/tex/generic/pgf/modules/pgfmoduledecorations.cod
e.tex
\pgfdecoratedcompleteddistance=\dimen167
\pgfdecoratedremainingdistance=\dimen168
\pgfdecoratedinputsegmentcompleteddistance=\dimen169
\pgfdecoratedinputsegmentremainingdistance=\dimen170
\pgf@decorate@distancetomove=\dimen171
\pgf@decorate@repeatstate=\count125
\pgfdecorationsegmentamplitude=\dimen172
\pgfdecorationsegmentlength=\dimen173
)
\tikz@lib@dec@box=\box40
)
(/usr/share/texlive/texmf-dist/tex/generic/pgf/libraries/decorations/pgflibrary
decorations.markings.code.tex)) (./tesis_maestria.aux

LaTeX Warning: Label `fig:eq_weierstrass' multiply defined.

)
\openout1 = `tesis_maestria.aux'.

LaTeX Font Info:    Checking defaults for OML/cmm/m/it on input line 49.
LaTeX Font Info:    ... okay on input line 49.
LaTeX Font Info:    Checking defaults for T1/cmr/m/n on input line 49.
LaTeX Font Info:    ... okay on input line 49.
LaTeX Font Info:    Checking defaults for OT1/cmr/m/n on input line 49.
LaTeX Font Info:    ... okay on input line 49.
LaTeX Font Info:    Checking defaults for OMS/cmsy/m/n on input line 49.
LaTeX Font Info:    ... okay on input line 49.
LaTeX Font Info:    Checking defaults for OMX/cmex/m/n on input line 49.
LaTeX Font Info:    ... okay on input line 49.
LaTeX Font Info:    Checking defaults for U/cmr/m/n on input line 49.
LaTeX Font Info:    ... okay on input line 49.
 ABD: EveryShipout initializing macros
(/usr/share/texlive/texmf-dist/tex/context/base/supp-pdf.mkii
[Loading MPS to PDF converter (version 2006.09.02).]
\scratchcounter=\count126
\scratchdimen=\dimen174
\scratchbox=\box41
\nofMPsegments=\count127
\nofMParguments=\count128
\everyMPshowfont=\toks45
\MPscratchCnt=\count129
\MPscratchDim=\dimen175
\MPnumerator=\count130
\makeMPintoPDFobject=\count131
\everyMPtoPDFconversion=\toks46
) (/usr/share/texlive/texmf-dist/tex/generic/oberdiek/pdftexcmds.sty
Package: pdftexcmds 2011/11/29 v0.20 Utility functions of pdfTeX for LuaTeX (HO
)

(/usr/share/texlive/texmf-dist/tex/generic/oberdiek/ifluatex.sty
Package: ifluatex 2010/03/01 v1.3 Provides the ifluatex switch (HO)
Package ifluatex Info: LuaTeX not detected.
)
(/usr/share/texlive/texmf-dist/tex/generic/oberdiek/ifpdf.sty
Package: ifpdf 2011/01/30 v2.3 Provides the ifpdf switch (HO)
Package ifpdf Info: pdfTeX in PDF mode is detected.
)
Package pdftexcmds Info: LuaTeX not detected.
Package pdftexcmds Info: \pdf@primitive is available.
Package pdftexcmds Info: \pdf@ifprimitive is available.
Package pdftexcmds Info: \pdfdraftmode found.
)
(/usr/share/texlive/texmf-dist/tex/latex/oberdiek/epstopdf-base.sty
Package: epstopdf-base 2010/02/09 v2.5 Base part for package epstopdf

(/usr/share/texlive/texmf-dist/tex/latex/oberdiek/grfext.sty
Package: grfext 2010/08/19 v1.1 Manage graphics extensions (HO)

(/usr/share/texlive/texmf-dist/tex/generic/oberdiek/kvdefinekeys.sty
Package: kvdefinekeys 2011/04/07 v1.3 Define keys (HO)
))
(/usr/share/texlive/texmf-dist/tex/latex/oberdiek/kvoptions.sty
Package: kvoptions 2011/06/30 v3.11 Key value format for package options (HO)

(/usr/share/texlive/texmf-dist/tex/generic/oberdiek/kvsetkeys.sty
Package: kvsetkeys 2012/04/25 v1.16 Key value parser (HO)

(/usr/share/texlive/texmf-dist/tex/generic/oberdiek/etexcmds.sty
Package: etexcmds 2011/02/16 v1.5 Avoid name clashes with e-TeX commands (HO)
Package etexcmds Info: Could not find \expanded.
(etexcmds)             That can mean that you are not using pdfTeX 1.50 or
(etexcmds)             that some package has redefined \expanded.
(etexcmds)             In the latter case, load this package earlier.
)))
Package grfext Info: Graphics extension search list:
(grfext)             [.png,.pdf,.jpg,.mps,.jpeg,.jbig2,.jb2,.PNG,.PDF,.JPG,.JPE
G,.JBIG2,.JB2,.eps]
(grfext)             \AppendGraphicsExtensions on input line 452.

(/usr/share/texlive/texmf-dist/tex/latex/latexconfig/epstopdf-sys.cfg
File: epstopdf-sys.cfg 2010/07/13 v1.3 Configuration of (r)epstopdf for TeX Liv
e
))
(./tesis_maestria.toc
LaTeX Font Info:    Try loading font information for U+msa on input line 1.
 (/usr/share/texlive/texmf-dist/tex/latex/amsfonts/umsa.fd
File: umsa.fd 2013/01/14 v3.01 AMS symbols A
)
LaTeX Font Info:    Try loading font information for U+msb on input line 1.
 (/usr/share/texlive/texmf-dist/tex/latex/amsfonts/umsb.fd
File: umsb.fd 2013/01/14 v3.01 AMS symbols B
))
\tf@toc=\write4
\openout4 = `tesis_maestria.toc'.

 [1


{/var/lib/texmf/fonts/map/pdftex/updmap/pdftex.map}] (./capitulos/intro/intro.t
ex [2]
Underfull \hbox (badness 10000) in paragraph at lines 66--67

 []

(./figuras/flt.tex)
Underfull \hbox (badness 10000) in paragraph at lines 2--73

 []

(./figuras/teoremaWiles.tex

LaTeX Warning: Reference `sec:X015' on page 3 undefined on input line 53.


LaTeX Warning: Reference `sec:3_5' on page 3 undefined on input line 53.

)) [3] [4]
Chapter 1.
(./capitulos/formas_modulares/formas_modulares.tex
Underfull \hbox (badness 10000) in paragraph at lines 42--42
[]\OT1/cmr/m/n/12 cita de
 []


Underfull \hbox (badness 10000) in paragraph at lines 42--42
\OT1/cmr/m/n/12 pon-trya-
 []

LaTeX Font Info:    Try loading font information for OMS+cmr on input line 46.
(/usr/share/texlive/texmf-dist/tex/latex/base/omscmr.fd
File: omscmr.fd 2014/09/29 v2.5h Standard LaTeX font definitions
)
LaTeX Font Info:    Font shape `OMS/cmr/m/n' in size <10> not available
(Font)              Font shape `OMS/cmsy/m/n' tried instead on input line 46.
 [5

] [6]
LaTeX Font Info:    Font shape `OMS/cmr/m/n' in size <12> not available
(Font)              Font shape `OMS/cmsy/m/n' tried instead on input line 118.

<figuras/topologiaH.png, id=45, 839.135pt x 568.1225pt>
File: figuras/topologiaH.png Graphic file (type png)

<use figuras/topologiaH.png>
Package pdftex.def Info: figuras/topologiaH.png used on input line 129.
(pdftex.def)             Requested size: 293.70164pt x 198.84584pt.
 [7 <./figuras/topologiaH.png (PNG copy)>]
<figuras/dominiofundamental.png, id=50, 543.02875pt x 1010.77625pt>
File: figuras/dominiofundamental.png Graphic file (type png)

<use figuras/dominiofundamental.png>
Package pdftex.def Info: figuras/dominiofundamental.png used on input line 321.

(pdftex.def)             Requested size: 135.75685pt x 252.69344pt.


LaTeX Warning: `h' float specifier changed to `ht'.

[8] [9 <./figuras/dominiofundamental.png (PNG copy)>] [10] [11] [12]
<figuras/domfundgamma015.png, id=72, 1209.51875pt x 1257.69875pt>
File: figuras/domfundgamma015.png Graphic file (type png)

<use figuras/domfundgamma015.png>
Package pdftex.def Info: figuras/domfundgamma015.png used on input line 666.
(pdftex.def)             Requested size: 302.37895pt x 314.42392pt.
 [13 <./figuras/domfundgamma015.png (PNG copy)>] [14] [15] [16]

LaTeX Warning: Command \textunderscore invalid in math mode on input line 902.


LaTeX Warning: Command \textunderscore invalid in math mode on input line 902.


LaTeX Warning: Citation `FarkasKra' on page 17 undefined on input line 908.


Underfull \hbox (badness 10000) in paragraph at lines 908--908
[]\OT1/cmr/m/n/12 buscar
 []

[17] [18]
Overfull \hbox (27.97282pt too wide) in paragraph at lines 1071--1073
[]\OT1/cmr/bx/n/12 Proposici^^Son 23. []\OT1/cmr/m/it/12 Sea $\OML/cmm/m/it/12 
G$ \OT1/cmr/m/it/12 el grupo dual de Pon-trya-gin del grupo finito $\U/msb/m/n/
12 Z\OML/cmm/m/it/12 =N\U/msb/m/n/12 Z$\OT1/cmr/m/it/12 , i.e. $\OML/cmm/m/it/1
2 G \OT1/cmr/m/n/12 = []((\U/msb/m/n/12 Z\OML/cmm/m/it/12 =N\U/msb/m/n/12 Z\OT1
/cmr/m/n/12 )[]\OML/cmm/m/it/12 ; \U/msb/m/n/12 C[]\OT1/cmr/m/n/12 )$\OT1/cmr/m
/it/12 .
 []

[19] [20] [21]
Overfull \hbox (19.27919pt too wide) in paragraph at lines 1267--1270
\OT1/cmr/m/n/12 Observe que, si $\OML/cmm/m/it/12 f \OMS/cmsy/m/n/12 2 \OML/cmm
/m/it/12 S[]\OT1/cmr/m/n/12 (^^@[](\OML/cmm/m/it/12 M\OT1/cmr/m/n/12 ))$, en-to
nces $\OML/cmm/m/it/12 f\OT1/cmr/m/n/12 [\OML/cmm/m/it/12 ^^L[]\OT1/cmr/m/n/12 
][](\OML/cmm/m/it/12 z\OT1/cmr/m/n/12 ) = \OML/cmm/m/it/12 d[]f\OT1/cmr/m/n/12 
(\OML/cmm/m/it/12 dz\OT1/cmr/m/n/12 )$. Afir-mamos que $\OML/cmm/m/it/12 f\OT1/
cmr/m/n/12 [\OML/cmm/m/it/12 ^^L[]\OT1/cmr/m/n/12 ][] \OMS/cmsy/m/n/12 2 \OML/c
mm/m/it/12 S[]\OT1/cmr/m/n/12 (^^@[](\OML/cmm/m/it/12 Md\OT1/cmr/m/n/12 )) \OMS
/cmsy/m/n/12 ^^R
 []

[22] [23]

LaTeX Warning: Characters dropped after `\end{comment}' on input line 1532.


Underfull \hbox (badness 10000) in paragraph at lines 1542--1542
[]\OT1/cmr/m/n/12 buscar
 []


Underfull \hbox (badness 10000) in paragraph at lines 1542--1542
\OT1/cmr/m/n/12 cita y
 []


Underfull \hbox (badness 10000) in paragraph at lines 1542--1542
\OT1/cmr/m/n/12 poner
 []

[24]
Underfull \hbox (badness 10000) in paragraph at lines 1564--1564
[]\OT1/cmr/m/n/12 explicar
 []


Underfull \hbox (badness 10000) in paragraph at lines 1564--1564
\OT1/cmr/m/n/12 porque
 []

[25] [26]

LaTeX Warning: Characters dropped after `\end{comment}' on input line 1729.


LaTeX Warning: Characters dropped after `\end{comment}' on input line 1814.

[27] [28] [29] [30] [31] [32]
Overfull \hbox (4.80135pt too wide) in paragraph at lines 2132--2137
\OMS/cmsy/m/n/12 ^^@[]\OML/cmm/m/it/12 ; \OMS/cmsy/m/n/12 ^^@[]\OML/cmm/m/it/12
 ; \OMS/cmsy/m/n/12 ^^@[]\OML/cmm/m/it/12 ; []$\OT1/cmr/m/it/12 . Adem^^Sas, pa
ra todo com-pacto $\OML/cmm/m/it/12 Q \OMS/cmsy/m/n/12 ^^Z \U/msb/m/n/12 H \OMS
/cmsy/m/n/12 ^^B f<\OT1/cmr/m/n/12 (\OML/cmm/m/it/12 s\OT1/cmr/m/n/12 ) \OML/cm
m/m/it/12 > \OMS/cmsy/m/n/12 ^^@[]g$\OT1/cmr/m/it/12 , ex-is-ten con-stantes $\
OML/cmm/m/it/12 "; A; B; M >
 []

[33] [34] [35]) (./capitulos/curvas/curvas.tex [36] [37]
LaTeX Font Info:    Try loading font information for U+euf on input line 53.

(/usr/share/texlive/texmf-dist/tex/latex/amsfonts/ueuf.fd
File: ueuf.fd 2013/01/14 v3.01 Euler Fraktur
) [38] [39] [40]
[41]

LaTeX Warning: Command \r invalid in math mode on input line 203.

[42]
Overfull \hbox (0.5394pt too wide) in paragraph at lines 256--257
\OT1/cmr/m/it/12 so-bre $\U/msb/m/n/12 C$ \OT1/cmr/m/it/12 en-tre los $\U/msb/m
/n/12 C\OMS/cmsy/m/n/12 ^^@$\OT1/cmr/m/it/12 puntos tal que el mor-fismo in-duc
ido en campo de fun-ciones, $\OML/cmm/m/it/12 '[] \OT1/cmr/m/n/12 : \U/msb/m/n/
12 C\OT1/cmr/m/n/12 (\OML/cmm/m/it/12 X[]\OT1/cmr/m/n/12 (\OML/cmm/m/it/12 N\OT
1/cmr/m/n/12 )[]) \OMS/cmsy/m/n/12 !
 []

[43]
Underfull \hbox (badness 10000) in paragraph at lines 279--279
[]\OT1/cmr/m/n/8 Este teo-
 []


Underfull \hbox (badness 10000) in paragraph at lines 279--279
\OT1/cmr/m/n/8 rema es
 []


Underfull \hbox (badness 10000) in paragraph at lines 279--279
\OT1/cmr/m/n/8 nuevo en
 []


Underfull \hbox (badness 10000) in paragraph at lines 279--279
\OT1/cmr/m/n/8 la secci^^Son
 []


Underfull \hbox (badness 5711) in paragraph at lines 279--279
\OT1/cmr/m/n/8 de cur-vase
 []


Overfull \hbox (4.97926pt too wide) in paragraph at lines 282--283
[]\OT1/cmr/m/n/12 Ahora hace-mos una primera re-ducci^^Son para es-tu-diar $\OM
L/cmm/m/it/12 S[]\OT1/cmr/m/n/12 (\OML/cmm/m/it/12 N\OT1/cmr/m/n/12 )$. Gra-cia
s al teo-rema de uni-formizaci^^Son
 []

[44]
Underfull \hbox (badness 10000) in paragraph at lines 336--336
[]\OT1/cmr/m/n/8 No s^^Se si
 []


Underfull \hbox (badness 10000) in paragraph at lines 336--336
\OT1/cmr/m/n/8 parte de
 []


Underfull \hbox (badness 6477) in paragraph at lines 336--336
\OT1/cmr/m/n/8 ret^^S^^Pculas a
 []


Underfull \hbox (badness 10000) in paragraph at lines 336--336
\OT1/cmr/m/n/8 la secci^^Son
 []


Underfull \hbox (badness 10000) in paragraph at lines 336--336
\OT1/cmr/m/n/8 de cur-vas
 []


Underfull \hbox (badness 10000) in paragraph at lines 336--336
\OT1/cmr/m/n/8 el^^S^^Ppticas
 []


Underfull \hbox (badness 5711) in paragraph at lines 336--336
\OT1/cmr/m/n/8 para jus-ti-
 []


Underfull \hbox (badness 10000) in paragraph at lines 336--336
\OT1/cmr/m/n/8 ficar este
 []


Underfull \hbox (badness 10000) in paragraph at lines 336--336
\OT1/cmr/m/n/8 iso-mor-
 []

[45] [46] [47] [48]
Underfull \hbox (badness 10000) in paragraph at lines 449--449
[]\OT1/cmr/m/n/8 agregu^^Se
 []


Underfull \hbox (badness 10000) in paragraph at lines 449--449
\OT1/cmr/m/n/8 la secci^^Son
 []


Underfull \hbox (badness 1668) in paragraph at lines 449--449
\OT1/cmr/m/n/8 del mod-ela
 []


Underfull \hbox (badness 1354) in paragraph at lines 449--449
\OT1/cmr/m/n/8 racional de
 []


Overfull \hbox (34.32652pt too wide) in paragraph at lines 466--467
[]\OT1/cmr/m/n/12 Supongamos que $[\OML/cmm/m/it/12 E \OMS/cmsy/m/n/12 ! \OML/c
mm/m/it/12 E[]\OT1/cmr/m/n/12 ] \OMS/cmsy/m/n/12 2 [][]\OT1/cmr/m/n/12 (\U/msb/
m/n/12 Q\OT1/cmr/m/n/12 )$ es tal que $^^A[][\OML/cmm/m/it/12 E \OMS/cmsy/m/n/1
2 ! \OML/cmm/m/it/12 E[]\OT1/cmr/m/n/12 ] = (\OML/cmm/m/it/12 j\OT1/cmr/m/n/12 
(\OML/cmm/m/it/12 E\OT1/cmr/m/n/12 )\OML/cmm/m/it/12 ; j\OT1/cmr/m/n/12 (\OML/c
mm/m/it/12 E[]\OT1/cmr/m/n/12 )) \OMS/cmsy/m/n/12 2 \OML/cmm/m/it/12 '[]\OT1/cm
r/m/n/12 (\OML/cmm/m/it/12 ^^Y[]\OT1/cmr/m/n/12 (\OMS/cmsy/m/n/12 1[][]\OT1/cmr
/m/n/12 (\U/msb/m/n/12 Z\OT1/cmr/m/n/12 )))$.
 []

) (./capitulos/curvas_elipticas/curvas_elipticas.tex [49]
Underfull \hbox (badness 1442) in paragraph at lines 32--32
\OT1/cmr/m/n/12 rema es
 []

[50] [51] <figuras/suma_eliptica_0.png, id=203, 683.55376pt x 868.24374pt>
File: figuras/suma_eliptica_0.png Graphic file (type png)

<use figuras/suma_eliptica_0.png>
Package pdftex.def Info: figuras/suma_eliptica_0.png used on input line 147.
(pdftex.def)             Requested size: 151.14484pt x 191.98134pt.

<figuras/suma_eliptica_1.png, id=204, 646.415pt x 823.075pt>
File: figuras/suma_eliptica_1.png Graphic file (type png)

<use figuras/suma_eliptica_1.png>
Package pdftex.def Info: figuras/suma_eliptica_1.png used on input line 150.
(pdftex.def)             Requested size: 151.14484pt x 192.44304pt.

<figuras/suma_eliptica_2.png, id=205, 665.48625pt x 847.165pt>
File: figuras/suma_eliptica_2.png Graphic file (type png)

<use figuras/suma_eliptica_2.png>
Package pdftex.def Info: figuras/suma_eliptica_2.png used on input line 153.
(pdftex.def)             Requested size: 151.14484pt x 192.4007pt.
 [52] [53 <./figuras/suma_eliptica_0.png (PNG copy)> <./figuras/suma_eliptica_1
.png (PNG copy)> <./figuras/suma_eliptica_2.png (PNG copy)>] [54] [55] [56] [57
]

LaTeX Font Warning: Command \scriptsize invalid in math mode on input line 483.



LaTeX Font Warning: Command \scriptsize invalid in math mode on input line 484.


[58] [59]) (./capitulos/rep_galois/rep_galois.tex [60] [61] [62]
Overfull \hbox (17.2282pt too wide) in paragraph at lines 105--106
[]\OT1/cmr/bx/n/12 Ejemplo 82. []\OT1/cmr/m/n/12 Sea $\OML/cmm/m/it/12 ^^_ \OT1
/cmr/m/n/12 : (\U/msb/m/n/12 Z\OML/cmm/m/it/12 =N\U/msb/m/n/12 Z\OT1/cmr/m/n/12
 )[] \OMS/cmsy/m/n/12 ! \U/msb/m/n/12 C[]$ \OT1/cmr/m/n/12 un car-ac-ter de Dir
ich-let prim-i-tivo. Sabe-mos que $[](\U/msb/m/n/12 Q\OT1/cmr/m/n/12 (\OML/cmm/
m/it/12 ^^V[]\OT1/cmr/m/n/12 )\OMS/cmsy/m/n/12 j\U/msb/m/n/12 Q\OT1/cmr/m/n/12 
) []
 []

[63] [64]
Underfull \hbox (badness 10000) in paragraph at lines 175--175
[]\OT1/cmr/m/n/8 esta nota
 []


Underfull \hbox (badness 10000) in paragraph at lines 175--175
\OT1/cmr/m/n/8 nueva es
 []


Underfull \hbox (badness 10000) in paragraph at lines 175--175
\OT1/cmr/m/n/8 una gen-
 []


Underfull \hbox (badness 10000) in paragraph at lines 175--175
\OT1/cmr/m/n/8 er-al-iza-cion
 []


Underfull \hbox (badness 1314) in paragraph at lines 175--175
\OT1/cmr/m/n/8 de la nota
 []


Underfull \hbox (badness 10000) in paragraph at lines 175--175
\OT1/cmr/m/n/8 teo-rema
 []


Underfull \hbox (badness 2205) in paragraph at lines 175--175
\OT1/cmr/m/n/8 de Eichler-
 []


Underfull \hbox (badness 10000) in paragraph at lines 175--175
\OT1/cmr/m/n/8 Shimura
 []


Underfull \hbox (badness 10000) in paragraph at lines 175--175
\OT1/cmr/m/n/8 de lu-gar
 []


Underfull \hbox (badness 2529) in paragraph at lines 175--175
\OT1/cmr/m/n/8 aqui. La
 []


Underfull \hbox (badness 10000) in paragraph at lines 175--175
\OT1/cmr/m/n/8 proposi-cion
 []


Underfull \hbox (badness 10000) in paragraph at lines 175--175
\OT1/cmr/m/n/8 que sigue
 []


Underfull \hbox (badness 10000) in paragraph at lines 175--175
\OT1/cmr/m/n/8 tam-bien
 []


Underfull \hbox (badness 4899) in paragraph at lines 175--175
\OT1/cmr/m/n/8 se usa en
 []


Underfull \hbox (badness 10000) in paragraph at lines 175--175
\OT1/cmr/m/n/8 Langlands-
 []

[65]

LaTeX Warning: Characters dropped after `\end{comment}' on input line 227.

[66]
Overfull \hbox (4.31369pt too wide) in paragraph at lines 297--299
[]\OT1/cmr/m/n/12 Del poli-nomio car-ac-ter^^S^^Pstico de $\OML/cmm/m/it/12 ^^Z
[]\OT1/cmr/m/n/12 ([][])$ pode-mos leer el de-ter-mi-nante y la traza de $\OML/
cmm/m/it/12 ^^Z[]\OT1/cmr/m/n/12 ([][])$.
 []

[67]
Underfull \hbox (badness 10000) in paragraph at lines 357--357
\OT1/cmr/m/n/8 proposi-
 []


Underfull \hbox (badness 10000) in paragraph at lines 357--357
\OT1/cmr/m/n/8 ciones
 []


Underfull \hbox (badness 10000) in paragraph at lines 357--357
\OT1/cmr/m/n/8 que prue-
 []


Underfull \hbox (badness 10000) in paragraph at lines 357--357
\OT1/cmr/m/n/8 ban una
 []


Underfull \hbox (badness 10000) in paragraph at lines 357--357
\OT1/cmr/m/n/8 condi-cion
 []


Underfull \hbox (badness 10000) in paragraph at lines 357--357
\OT1/cmr/m/n/8 su-fi-ciente
 []


Underfull \hbox (badness 10000) in paragraph at lines 357--357
\OT1/cmr/m/n/8 para es-
 []


Underfull \hbox (badness 10000) in paragraph at lines 357--357
\OT1/cmr/m/n/8 table-cer
 []


Underfull \hbox (badness 10000) in paragraph at lines 357--357
\OT1/cmr/m/n/8 la mod-u-
 []


Underfull \hbox (badness 10000) in paragraph at lines 357--357
\OT1/cmr/m/n/8 lar-i-dad de
 []


Underfull \hbox (badness 10000) in paragraph at lines 356--358

 []


Underfull \hbox (badness 10000) in paragraph at lines 379--379
[]\OT1/cmr/m/n/8 Necesito
 []


Underfull \hbox (badness 10000) in paragraph at lines 382--383

 []

[68] [69]
Underfull \hbox (badness 10000) in paragraph at lines 438--438
[]\OT1/cmr/m/n/12 esta
 []


Overfull \hbox (14.48828pt too wide) in paragraph at lines 438--438
\OT1/cmr/m/n/12 proposici^^Son
 []


Underfull \hbox (badness 10000) in paragraph at lines 438--438
\OT1/cmr/m/n/12 tam-bien
 []


Underfull \hbox (badness 10000) in paragraph at lines 438--438
\OT1/cmr/m/n/12 son
 []

) [70]
Chapter 2.
(./capitulos/modularidad_de_rho/modularidad_de_rho.tex [71

]
Underfull \hbox (badness 10000) in paragraph at lines 61--61
[]\OT1/cmr/m/n/8 checar
 []


Underfull \hbox (badness 1400) in paragraph at lines 61--61
\OT1/cmr/m/n/8 que esa es
 []


Underfull \hbox (badness 10000) in paragraph at lines 61--61
\OT1/cmr/m/n/8 la ^^Sunica
 []

[72] [73] [74] [75] [76] [77] [78]

LaTeX Warning: Citation `EisenbudCA' on page 79 undefined on input line 322.

[79]

LaTeX Warning: Citation `AtiyahCA' on page 80 undefined on input line 361.

) (./capitulos/3_5/3_5.tex

LaTeX Warning: Characters dropped after `\end{comment}' on input line 17.

[80]
Overfull \hbox (14.70259pt too wide) in paragraph at lines 27--28
[]\OT1/cmr/m/n/12 Para jus-ti-ficar esta nueva v^^S^^Pa, nece-si-ta-mos el teo-
rema 102[]. La es-trate-gia de pro-barlo es parametrizar
 []

[81] [82]
Underfull \hbox (badness 10000) in paragraph at lines 113--113
[]\OT1/cmr/m/n/12 corregir
 []


Underfull \hbox (badness 2119) in paragraph at lines 113--113
\OT1/cmr/m/n/12 se-rie de
 []


Underfull \hbox (badness 10000) in paragraph at lines 113--113
\OT1/cmr/m/n/12 Fourier
 []

<figuras/eq_weierstrass.png, id=305, 721.69624pt x 722.7pt>
File: figuras/eq_weierstrass.png Graphic file (type png)

<use figuras/eq_weierstrass.png>
Package pdftex.def Info: figuras/eq_weierstrass.png used on input line 130.
(pdftex.def)             Requested size: 216.51054pt x 216.81166pt.


LaTeX Warning: `!h' float specifier changed to `!ht'.

[83] [84 <./figuras/eq_weierstrass.png (PNG copy)>] [85] [86] [87] [88]
[89] [90] [91] [92]
<figuras/pts_racionales_x15.png, id=338, 879.285pt x 2587.6675pt>
File: figuras/pts_racionales_x15.png Graphic file (type png)

<use figuras/pts_racionales_x15.png>
Package pdftex.def Info: figuras/pts_racionales_x15.png used on input line 522.

(pdftex.def)             Requested size: 175.85388pt x 517.52434pt.


LaTeX Warning: `!h' float specifier changed to `!ht'.

) (./tesis_maestria.bbl [93] [94 <./figuras/pts_racionales_x15.png (PNG copy)>]
[95

]
Underfull \hbox (badness 1394) in paragraph at lines 115--118
[]\OT1/cmr/m/n/12 Milne, J. (2017).  \OT1/cmr/m/it/12 Mod-u-lar Func-tions and 
Mod-u-lar Forms\OT1/cmr/m/n/12 .  Disponible en
 []

[96]) [97] (./tesis_maestria.aux)

LaTeX Warning: There were undefined references.


LaTeX Warning: There were multiply-defined labels.

 ) 
Here is how much of TeX's memory you used:
 17335 strings out of 495020
 366469 string characters out of 6181324
 405049 words of memory out of 5000000
 20149 multiletter control sequences out of 15000+600000
 19432 words of font info for 74 fonts, out of 8000000 for 9000
 14 hyphenation exceptions out of 8191
 61i,21n,84p,1197b,1290s stack positions out of 5000i,500n,10000p,200000b,80000s
</usr/share/texlive/texmf-dist/fonts/type1/public/amsfonts/cm/cmbx10.pfb></us
r/share/texlive/texmf-dist/fonts/type1/public/amsfonts/cm/cmbx12.pfb></usr/shar
e/texlive/texmf-dist/fonts/type1/public/amsfonts/cm/cmbx8.pfb></usr/share/texli
ve/texmf-dist/fonts/type1/public/amsfonts/cm/cmex10.pfb></usr/share/texlive/tex
mf-dist/fonts/type1/public/amsfonts/cmextra/cmex8.pfb></usr/share/texlive/texmf
-dist/fonts/type1/public/amsfonts/cm/cmmi10.pfb></usr/share/texlive/texmf-dist/
fonts/type1/public/amsfonts/cm/cmmi12.pfb></usr/share/texlive/texmf-dist/fonts/
type1/public/amsfonts/cm/cmmi5.pfb></usr/share/texlive/texmf-dist/fonts/type1/p
ublic/amsfonts/cm/cmmi6.pfb></usr/share/texlive/texmf-dist/fonts/type1/public/a
msfonts/cm/cmmi7.pfb></usr/share/texlive/texmf-dist/fonts/type1/public/amsfonts
/cm/cmmi8.pfb></usr/share/texlive/texmf-dist/fonts/type1/public/amsfonts/cm/cmr
10.pfb></usr/share/texlive/texmf-dist/fonts/type1/public/amsfonts/cm/cmr12.pfb>
</usr/share/texlive/texmf-dist/fonts/type1/public/amsfonts/cm/cmr17.pfb></usr/s
hare/texlive/texmf-dist/fonts/type1/public/amsfonts/cm/cmr5.pfb></usr/share/tex
live/texmf-dist/fonts/type1/public/amsfonts/cm/cmr6.pfb></usr/share/texlive/tex
mf-dist/fonts/type1/public/amsfonts/cm/cmr7.pfb></usr/share/texlive/texmf-dist/
fonts/type1/public/amsfonts/cm/cmr8.pfb></usr/share/texlive/texmf-dist/fonts/ty
pe1/public/amsfonts/cm/cmsy10.pfb></usr/share/texlive/texmf-dist/fonts/type1/pu
blic/amsfonts/cm/cmsy5.pfb></usr/share/texlive/texmf-dist/fonts/type1/public/am
sfonts/cm/cmsy6.pfb></usr/share/texlive/texmf-dist/fonts/type1/public/amsfonts/
cm/cmsy7.pfb></usr/share/texlive/texmf-dist/fonts/type1/public/amsfonts/cm/cmsy
8.pfb></usr/share/texlive/texmf-dist/fonts/type1/public/amsfonts/cm/cmti10.pfb>
</usr/share/texlive/texmf-dist/fonts/type1/public/amsfonts/cm/cmti12.pfb></usr/
share/texlive/texmf-dist/fonts/type1/public/amsfonts/euler/eufm10.pfb></usr/sha
re/texlive/texmf-dist/fonts/type1/public/amsfonts/symbols/msam10.pfb></usr/shar
e/texlive/texmf-dist/fonts/type1/public/amsfonts/symbols/msbm10.pfb></usr/share
/texlive/texmf-dist/fonts/type1/public/amsfonts/symbols/msbm7.pfb>
Output written on tesis_maestria.pdf (97 pages, 986576 bytes).
PDF statistics:
 450 PDF objects out of 1000 (max. 8388607)
 308 compressed objects within 4 object streams
 0 named destinations out of 1000 (max. 500000)
 65 words of extra memory for PDF output out of 10000 (max. 10000000)

