This is pdfTeX, Version 3.14159265-2.6-1.40.20 (MiKTeX 2.9.7050 64-bit) (preloaded format=latex 2019.6.18)  7 AUG 2019 16:38
entering extended mode
**amsfonts
(amsfonts.ins
LaTeX2e <2018-12-01>
("C:\Program Files\MiKTeX 2.9\tex/latex/base\docstrip.tex"
\blockLevel=\count80
\emptyLines=\count81
\processedLines=\count82
\commentsRemoved=\count83
\commentsPassed=\count84
\codeLinesPassed=\count85
\TotalprocessedLines=\count86
\TotalcommentsRemoved=\count87
\TotalcommentsPassed=\count88
\TotalcodeLinesPassed=\count89
\NumberOfFiles=\count90
\inFile=\read1
\inputcheck=\read2
\off@0=\count91
\off@1=\count92
\off@2=\count93
\off@3=\count94
\off@4=\count95
\off@5=\count96
\off@6=\count97
\off@7=\count98
\off@8=\count99
\off@9=\count100
\off@10=\count101
\off@11=\count102
\off@12=\count103
\off@13=\count104
\off@14=\count105
\off@15=\count106
\@maxfiles=\count107
\@maxoutfiles=\count108

Utility: `docstrip' 2.5g <2018/05/03>
English documentation    <2018/05/03>

**********************************************************
* This program converts documented macro-files into fast *
* loadable files by stripping off (nearly) all comments! *
**********************************************************

********************************************************
* No Configuration file found, using default settings. *
********************************************************

)
*** Generating .fd files ***
*** Euler math fonts ***

Generating file(s) ./ueur.fd ./ueus.fd ./ueuf.fd ./ueuex.fd 
\openout0 = `./ueur.fd'.

\openout1 = `./ueus.fd'.

\openout2 = `./ueuf.fd'.

\openout3 = `./ueuex.fd'.


Processing file amsfonts.dtx (eur) -> ueur.fd
                             (eus) -> ueus.fd
                             (euf) -> ueuf.fd
                             (euex) -> ueuex.fd
File amsfonts.dtx ended by \endinput.
Lines  processed: 631
Comments removed: 404
Comments  passed: 0
Codelines passed: 202

*** AMS symbol fonts ***

Generating file(s) ./umsa.fd ./umsb.fd 
\openout0 = `./umsa.fd'.

\openout1 = `./umsb.fd'.


Processing file amsfonts.dtx (msa) -> umsa.fd
                             (msb) -> umsb.fd
File amsfonts.dtx ended by \endinput.
Lines  processed: 631
Comments removed: 404
Comments  passed: 0
Codelines passed: 202

*** Generating package files ***

Generating file(s) ./amsfonts.sty ./amssymb.sty 
\openout0 = `./amsfonts.sty'.


Processing file amsfonts.dtx (sty) -> amsfonts.sty
File amsfonts.dtx ended by \endinput.
Lines  processed: 631
Comments removed: 404
Comments  passed: 0
Codelines passed: 202

\openout0 = `./amssymb.sty'.


Processing file amssymb.dtx -> amssymb.sty
File amssymb.dtx ended by \endinput.
Lines  processed: 336
Comments removed: 88
Comments  passed: 12
Codelines passed: 234


Generating file(s) ./cmmib57.sty 
\openout0 = `./cmmib57.sty'.


Processing file cmmib57.dtx -> cmmib57.sty
File cmmib57.dtx ended by \endinput.
Lines  processed: 66
Comments removed: 52
Comments  passed: 0
Codelines passed: 12


Generating file(s) ./euscript.sty ./eucal.sty 
\openout0 = `./euscript.sty'.

\openout1 = `./eucal.sty'.


Processing file euscript.dtx (euscript) -> euscript.sty
                             (eucal) -> eucal.sty
File euscript.dtx ended by \endinput.
Lines  processed: 149
Comments removed: 122
Comments  passed: 0
Codelines passed: 21


Generating file(s) ./eufrak.sty 
\openout0 = `./eufrak.sty'.


Processing file eufrak.dtx -> eufrak.sty
File eufrak.dtx ended by \endinput.
Lines  processed: 144
Comments removed: 119
Comments  passed: 0
Codelines passed: 23

Overall statistics:
Files  processed: 7
Lines  processed: 2588
Comments removed: 1593
Comments  passed: 12
Codelines passed: 896
 ) 
Here is how much of TeX's memory you used:
 417 strings out of 492896
 4339 string characters out of 3133493
 65956 words of memory out of 3000000
 4416 multiletter control sequences out of 15000+200000
 3640 words of font info for 14 fonts, out of 3000000 for 9000
 1141 hyphenation exceptions out of 8191
 12i,0n,15p,100b,154s stack positions out of 5000i,500n,10000p,200000b,50000s

No pages of output.
