This is pdfTeX, Version 3.14159265-2.6-1.40.15 (TeX Live 2015/dev/Debian) (preloaded format=latex 2018.4.15)  7 MAR 2019 00:17
entering extended mode
 restricted \write18 enabled.
 %&-line parsing enabled.
**footmisc.ins
(./footmisc.ins
LaTeX2e <2014/05/01>
Babel <3.9l> and hyphenation patterns for 2 languages loaded.
(/usr/share/texlive/texmf-dist/tex/latex/base/docstrip.tex
\blockLevel=\count79
\emptyLines=\count80
\processedLines=\count81
\commentsRemoved=\count82
\commentsPassed=\count83
\codeLinesPassed=\count84
\TotalprocessedLines=\count85
\TotalcommentsRemoved=\count86
\TotalcommentsPassed=\count87
\TotalcodeLinesPassed=\count88
\NumberOfFiles=\count89
\inFile=\read1
\inputcheck=\read2
\off@0=\count90
\off@1=\count91
\off@2=\count92
\off@3=\count93
\off@4=\count94
\off@5=\count95
\off@6=\count96
\off@7=\count97
\off@8=\count98
\off@9=\count99
\off@10=\count100
\off@11=\count101
\off@12=\count102
\off@13=\count103
\off@14=\count104
\off@15=\count105
\@maxfiles=\count106
\@maxoutfiles=\count107

Utility: `docstrip' 2.5e <2014/09/29>
English documentation    <2014/09/29>

**********************************************************
* This program converts documented macro-files into fast *
* loadable files by stripping off (nearly) all comments! *
**********************************************************

********************************************************
* No Configuration file found, using default settings. *
********************************************************

)
*** Generating the footmisc package ***

Generating file(s) ./footmisc.sty 
\openout0 = `./footmisc.sty'.


Processing file footmisc.dtx (package) -> footmisc.sty
File footmisc.dtx ended by \endinput.
Lines  processed: 2336
Comments removed: 1336
Comments  passed: 2
Codelines passed: 972

***********************************************************
*
* To finish the installation you have to move the file
* footmisc.sty into a directory searched by TeX
*
* Usual TDS location:
*   tex/latex/footmisc
*
* Happy TeXing
*
***********************************************************
 ) 
Here is how much of TeX's memory you used:
 321 strings out of 495021
 3218 string characters out of 6181350
 53178 words of memory out of 5000000
 3630 multiletter control sequences out of 15000+600000
 3640 words of font info for 14 fonts, out of 8000000 for 9000
 14 hyphenation exceptions out of 8191
 11i,0n,15p,107b,129s stack positions out of 5000i,500n,10000p,200000b,80000s

No pages of output.
