This is pdfTeX, Version 3.14159265-2.6-1.40.20 (MiKTeX 2.9.7050 64-bit) (preloaded format=latex 2019.6.18)  7 AUG 2019 16:15
entering extended mode
**"C:/Program Files/MiKTeX 2.9/tex/generic/genmisc/verbatim.tex"
("C:/Program Files/MiKTeX 2.9/tex/generic/genmisc/verbatim.tex"
LaTeX2e <2018-12-01>
\c@unt=\count80
\ch@rcode=\count81
Verbatim environment loaded; usage: ``\verbatim <char> ... <char> \mitabrev ''
less functional short forms: Ý...Ý & |...|)
! Emergency stop.
<*> ...iKTeX 2.9/tex/generic/genmisc/verbatim.tex"
                                                  
*** (job aborted, no legal \end found)

 
Here is how much of TeX's memory you used:
 54 strings out of 492896
 754 string characters out of 3133493
 57685 words of memory out of 3000000
 4070 multiletter control sequences out of 15000+200000
 3640 words of font info for 14 fonts, out of 3000000 for 9000
 1141 hyphenation exceptions out of 8191
 5i,0n,10p,168b,8s stack positions out of 5000i,500n,10000p,200000b,50000s
No pages of output.
