This is pdfTeX, Version 3.14159265-2.6-1.40.20 (MiKTeX 2.9.7050 64-bit) (preloaded format=latex 2019.6.18)  12 NOV 2019 20:07
entering extended mode
**./caption.ins
(caption.ins
LaTeX2e <2018-12-01>
("C:\Program Files\MiKTeX 2.9\tex/latex/base\docstrip.tex"
\blockLevel=\count80
\emptyLines=\count81
\processedLines=\count82
\commentsRemoved=\count83
\commentsPassed=\count84
\codeLinesPassed=\count85
\TotalprocessedLines=\count86
\TotalcommentsRemoved=\count87
\TotalcommentsPassed=\count88
\TotalcodeLinesPassed=\count89
\NumberOfFiles=\count90
\inFile=\read1
\inputcheck=\read2
\off@0=\count91
\off@1=\count92
\off@2=\count93
\off@3=\count94
\off@4=\count95
\off@5=\count96
\off@6=\count97
\off@7=\count98
\off@8=\count99
\off@9=\count100
\off@10=\count101
\off@11=\count102
\off@12=\count103
\off@13=\count104
\off@14=\count105
\off@15=\count106
\@maxfiles=\count107
\@maxoutfiles=\count108

Utility: `docstrip' 2.5g <2018/05/03>
English documentation    <2018/05/03>

**********************************************************
* This program converts documented macro-files into fast *
* loadable files by stripping off (nearly) all comments! *
**********************************************************

********************************************************
* No Configuration file found, using default settings. *
********************************************************

(caption.ins

Generating file(s) ./caption.sty 
\openout0 = `./caption.sty'.


Processing file caption.dtx (package) -> caption.sty
File caption.dtx ended by \endinput.
Lines  processed: 4967
Comments removed: 3106
Comments  passed: 7
Codelines passed: 1850


Generating file(s) ./caption2.sty 
\openout0 = `./caption2.sty'.


Processing file caption2.dtx (package) -> caption2.sty
File caption2.dtx ended by \endinput.
Lines  processed: 1383
Comments removed: 950
Comments  passed: 0
Codelines passed: 428


Generating file(s) ./caption3.sty 
\openout0 = `./caption3.sty'.


Processing file caption3.dtx (package) -> caption3.sty
File caption3.dtx ended by \endinput.
Lines  processed: 4175
Comments removed: 2339
Comments  passed: 1
Codelines passed: 1831


Generating file(s) ./bicaption.sty 
\openout0 = `./bicaption.sty'.


Processing file bicaption.dtx (package) -> bicaption.sty
File bicaption.dtx ended by \endinput.
Lines  processed: 1382
Comments removed: 1088
Comments  passed: 0
Codelines passed: 290


Generating file(s) ./ltcaption.sty 
\openout0 = `./ltcaption.sty'.


Processing file ltcaption.dtx (package) -> ltcaption.sty
File ltcaption.dtx ended by \endinput.
Lines  processed: 906
Comments removed: 697
Comments  passed: 0
Codelines passed: 205


Generating file(s) ./subcaption.sty 
\openout0 = `./subcaption.sty'.


Processing file subcaption.dtx (package) -> subcaption.sty
File subcaption.dtx ended by \endinput.
Lines  processed: 1268
Comments removed: 1084
Comments  passed: 0
Codelines passed: 180


Generating file(s) ./newfloat.sty 
\openout0 = `./newfloat.sty'.


Processing file newfloat.dtx (package) -> newfloat.sty
File newfloat.dtx ended by \endinput.
Lines  processed: 2073
Comments removed: 1188
Comments  passed: 1
Codelines passed: 880


Generating file(s) ./totalcount.sty 
\openout0 = `./totalcount.sty'.


Processing file totalcount.dtx (package) -> totalcount.sty
File totalcount.dtx ended by \endinput.
Lines  processed: 383
Comments removed: 287
Comments  passed: 0
Codelines passed: 92

***********************************************************
*
* To finish the installation you have to move the files
* `caption.sty', `caption2.sty', 'caption3.sty',
* `bicaption.sty', `ltcaption.sty', `subcaption.sty',
* `newfloat.sty', and `totalcount.sty'
* into a directory searched by TeX.
*
* To produce the documentation run the file
* `caption-eng.tex' (English version) or `caption-rus.tex'
* (Russian version) or `caption-deu.tex' (German version)
* through LaTeX.
*
***********************************************************
)
Overall statistics:
Files  processed: 8
Lines  processed: 16537
Comments removed: 10739
Comments  passed: 9
Codelines passed: 5756
 ) ) 
Here is how much of TeX's memory you used:
 384 strings out of 492896
 4362 string characters out of 3133493
 66697 words of memory out of 3000000
 4386 multiletter control sequences out of 15000+200000
 3640 words of font info for 14 fonts, out of 3000000 for 9000
 1141 hyphenation exceptions out of 8191
 15i,0n,15p,289b,122s stack positions out of 5000i,500n,10000p,200000b,50000s

No pages of output.
